
ROM used:   194/8192 (2%)
            194/8192 (2%) including unused fragments

            0.1 Average locations per line
            1.1 Average locations per statement

RAM used:   19/368 (5%) at main() level
            20/368 (5%) worst case

Stack used: 1 worst case (1 in main + 0 for interrupts)
Stack size: 8

Lines Stmts  %   Files
----- ----- ---  -----
   33    10   6  Keypad Clave.c
  672     0   0  ..\..\..\..\..\Program Files (x86)\PICC\Devices\16f877a.h
  135    43  24  ..\..\..\..\..\Program Files (x86)\PICC\Drivers\kbd4x4.c
  423   125  70  ..\..\..\..\..\Program Files (x86)\PICC\Drivers\string.h
   32     0   0  ..\..\..\..\..\Program Files (x86)\PICC\Drivers\stddef.h
   28     0   0  ..\..\..\..\..\Program Files (x86)\PICC\Drivers\ctype.h
----- -----
 1323   178 Total

Page ROM  %  RAM    Vol Diff  Functions:
---- --- --- ---    --- ----  ----------
0     20  10    0             @const625
0      3   2    0      3  0.0  kbd_init
0    105  54    3   6007 10.5  kbd_getc
0      8   4    0             @goto10574
0     54  28    2    187  4.2  MAIN
 Inline         0             @cinit1

Program metrics:
    Functions               3
    Statements              178
    Comments                298
    Volume (V)              6461
    Difficulty (D)          16.0
    Effort to implement (E) 103147
    Time to implement (T)   1 hours, 36 minutes
    Est Delivered Bugs (B)  1
    Cyclomatic Complexity   14
    Maintainability (MI)    77

 Segment     Used  Free
-----------  ----  ----
00000-00003     4  0  
00004-007FF   190  1854  
00800-00FFF     0  2048  
01000-017FF     0  2048  
01800-01FFF     0  2048  



